epoch	loss	prec1	prec5	lr
1	4.464669704437256	0.7965242862701416	4.561911582946777	0.1
2	4.3825201988220215	0.8689355850219727	4.561911582946777	0.1
3	4.380266189575195	0.8689355850219727	5.286024570465088	0.1
4	4.365614891052246	1.230992078781128	6.879073143005371	0.1
5	4.366924285888672	1.1585807800292969	5.720492362976074	0.1
6	4.350252628326416	0.8689355850219727	6.589427947998047	0.1
7	4.343235015869141	1.448225975036621	6.806662082672119	0.1
8	4.325145244598389	1.448225975036621	7.748008728027344	0.1
9	4.310296058654785	2.606806755065918	9.051411628723145	0.1
10	4.292242050170898	3.1136858463287354	10.282403945922852	0.1
11	4.276483058929443	2.0999276638031006	11.803041458129883	0.1
12	4.2376389503479	1.8826936483383179	12.81679916381836	0.1
13	4.191349506378174	3.1136858463287354	13.975379943847656	0.1
14	4.147069454193115	3.982621192932129	15.568428993225098	0.1
15	4.069819927215576	4.055032730102539	20.130340576171875	0.1
16	4.01898717880249	4.7067341804504395	20.709630966186523	0.1
17	3.9252188205718994	5.50325870513916	24.257783889770508	0.1
18	3.8671913146972656	6.517016887664795	25.48877716064453	0.1
19	3.7483303546905518	8.037653923034668	29.9782772064209	0.1
20	3.650456666946411	10.354815483093262	33.6712532043457	0.1
21	3.5668892860412598	10.137581825256348	36.92975997924805	0.1
22	3.4689276218414307	12.237508773803711	39.97103500366211	0.1
23	3.363520383834839	14.33743667602539	46.19840621948242	0.1
24	3.271556854248047	16.002897262573242	48.58797836303711	0.1
25	3.1570422649383545	18.10282325744629	51.12237548828125	0.1
26	3.058938503265381	19.478639602661133	52.78783416748047	0.1
27	2.927703619003296	22.809558868408203	59.9565544128418	0.1
28	2.86806583404541	23.24402618408203	59.160030364990234	0.1
29	2.781558036804199	27.661115646362305	62.056480407714844	0.1
30	2.701472759246826	27.00941276550293	64.30123138427734	0.1
31	2.5757434368133545	29.9782772064209	68.13903045654297	0.1
32	2.476090431213379	33.59884262084961	70.31137084960938	0.1
33	2.4895823001861572	31.426502227783203	69.87689971923828	0.1
34	2.4195680618286133	33.236785888671875	73.06299591064453	0.1
35	2.341887950897217	35.11948013305664	73.7146987915039	0.1
36	2.1881487369537354	39.75380325317383	75.9594497680664	0.1
37	2.155149459838867	40.47791290283203	77.98696899414062	0.1
38	1.8200654983520508	54.09123992919922	85.95220947265625	0.010000000000000002
39	1.725704550743103	57.27733612060547	88.48660278320312	0.010000000000000002
40	1.6662732362747192	61.47719192504883	90.44171142578125	0.010000000000000002
41	1.6657739877700806	60.97031021118164	90.87617492675781	0.010000000000000002
42	1.6510429382324219	61.042724609375	89.71759796142578	0.010000000000000002
43	1.634230375289917	61.622013092041016	89.71759796142578	0.010000000000000002
44	1.5761184692382812	63.07024002075195	92.39681243896484	0.010000000000000002
45	1.5732975006103516	63.07024002075195	90.65894317626953	0.010000000000000002
46	1.583545207977295	63.21506118774414	91.383056640625	0.010000000000000002
47	1.5294257402420044	64.88052368164062	91.52787780761719	0.010000000000000002
48	1.5479416847229004	62.635772705078125	92.10717010498047	0.010000000000000002
49	1.5109951496124268	66.9804458618164	91.88993835449219	0.010000000000000002
50	1.4993019104003906	65.170166015625	93.5553970336914	0.010000000000000002
51	1.4781010150909424	65.5322265625	93.2657470703125	0.010000000000000002
52	1.4765510559082031	65.89427947998047	92.54163360595703	0.010000000000000002
53	1.4635350704193115	66.03910064697266	92.75887298583984	0.010000000000000002
54	1.4217557907104492	67.05286407470703	93.5553970336914	0.010000000000000002
55	1.42244553565979	68.64591217041016	92.83128356933594	0.010000000000000002
56	1.4202505350112915	68.13903045654297	92.90369415283203	0.010000000000000002
57	1.3977270126342773	69.87689971923828	93.3381576538086	0.010000000000000002
58	1.3580529689788818	70.38378143310547	94.06227111816406	0.010000000000000002
59	1.3454434871673584	70.89065551757812	94.13468170166016	0.010000000000000002
60	1.339410424232483	70.23896026611328	93.98986053466797	0.010000000000000002
61	1.3170642852783203	70.96307373046875	93.98986053466797	0.010000000000000002
62	1.3285841941833496	71.25271606445312	93.7002182006836	0.010000000000000002
63	1.3275890350341797	67.70455932617188	94.06227111816406	0.010000000000000002
64	1.2833276987075806	71.6147689819336	94.49674224853516	0.010000000000000002
65	1.2908815145492554	71.4699478149414	94.71397399902344	0.010000000000000002
66	1.2591866254806519	73.93193054199219	94.27951049804688	0.010000000000000002
67	1.2228853702545166	73.13540649414062	95.8001480102539	0.010000000000000002
68	1.2133933305740356	72.91817474365234	95.72773742675781	0.010000000000000002
69	1.209425687789917	73.64228820800781	95.510498046875	0.010000000000000002
70	1.2012213468551636	74.80087280273438	95.07603454589844	0.010000000000000002
71	1.177388310432434	75.66980743408203	96.08979034423828	0.010000000000000002
72	1.1827572584152222	75.38015747070312	95.4380874633789	0.010000000000000002
73	1.1675658226013184	75.66980743408203	96.23461151123047	0.010000000000000002
74	1.1324769258499146	75.74221801757812	96.23461151123047	0.010000000000000002
75	1.1478620767593384	75.52497863769531	95.29326629638672	0.010000000000000002
76	1.0813583135604858	78.42143249511719	96.74149322509766	0.0010000000000000002
77	1.0949633121490479	77.11803436279297	96.30702209472656	0.0010000000000000002
78	1.0841288566589355	78.56625366210938	96.81390380859375	0.0010000000000000002
79	1.1029448509216309	79.29036712646484	96.81390380859375	0.0010000000000000002
80	1.0745967626571655	77.8421401977539	97.24836730957031	0.0010000000000000002
81	1.0586692094802856	80.1593017578125	96.66908264160156	0.0010000000000000002
82	1.1076745986938477	76.75597381591797	96.52426147460938	0.0010000000000000002
83	1.0590182542800903	79.29036712646484	97.10354614257812	0.0010000000000000002
84	1.0710647106170654	78.2042007446289	97.03113555908203	0.0010000000000000002
85	1.0823947191238403	77.98696899414062	96.52426147460938	0.0010000000000000002
86	1.0622434616088867	78.56625366210938	97.6828384399414	0.0010000000000000002
87	1.064175009727478	79.58001708984375	96.88631439208984	0.0010000000000000002
88	1.0739167928695679	79.36277770996094	97.46560668945312	0.0010000000000000002
89	1.061387062072754	77.33526611328125	97.24836730957031	0.0010000000000000002
90	1.0675681829452515	78.78349304199219	96.66908264160156	0.0010000000000000002
91	1.0699174404144287	80.01448059082031	96.52426147460938	0.0010000000000000002
92	1.050683617591858	80.01448059082031	96.66908264160156	0.0010000000000000002
93	1.0613889694213867	79.07313537597656	96.81390380859375	0.0010000000000000002
94	1.0421112775802612	80.1593017578125	97.7552490234375	0.0010000000000000002
95	1.0731630325317383	79.79724884033203	96.81390380859375	0.0010000000000000002
96	1.079390287399292	79.07313537597656	96.88631439208984	0.0010000000000000002
97	1.051722764968872	81.24547576904297	96.81390380859375	0.0010000000000000002
98	1.0861071348190308	78.49384307861328	96.37943267822266	0.0010000000000000002
99	1.053153395652771	78.92831420898438	97.17595672607422	0.0010000000000000002
100	1.0285323858261108	80.5937728881836	97.24836730957031	0.0010000000000000002
101	1.0494730472564697	80.1593017578125	96.59667205810547	0.0010000000000000002
102	1.0366294384002686	80.01448059082031	97.24836730957031	0.0010000000000000002
103	1.0288053750991821	80.5937728881836	97.61042785644531	0.0010000000000000002
104	1.048906922340393	80.01448059082031	97.53801727294922	0.0010000000000000002
105	1.03361976146698	81.24547576904297	96.81390380859375	0.0010000000000000002
106	1.030615210533142	80.5213623046875	97.10354614257812	0.0010000000000000002
107	1.0458506345748901	80.0868911743164	96.66908264160156	0.0010000000000000002
108	1.0332287549972534	81.82476806640625	97.17595672607422	0.0010000000000000002
109	1.018242359161377	81.46270751953125	97.90007019042969	0.0010000000000000002
110	1.053943157196045	80.37654113769531	96.81390380859375	0.0010000000000000002
111	1.0366690158843994	80.0868911743164	97.39319610595703	0.0010000000000000002
112	1.04854416847229	79.21795654296875	96.95872497558594	0.0010000000000000002
113	1.0445159673690796	79.79724884033203	97.39319610595703	0.0010000000000000002
114	1.0497077703475952	78.7110824584961	96.88631439208984	0.00010000000000000003
115	1.0078308582305908	82.62129211425781	97.39319610595703	0.00010000000000000003
116	1.004265308380127	82.4764633178711	97.97248077392578	0.00010000000000000003
117	1.034812092781067	80.5937728881836	97.6828384399414	0.00010000000000000003
118	1.0198898315429688	80.1593017578125	97.24836730957031	0.00010000000000000003
119	1.0101463794708252	81.17306518554688	97.53801727294922	0.00010000000000000003
120	1.04026460647583	80.23171997070312	97.61042785644531	0.00010000000000000003
121	1.0173842906951904	82.11441040039062	96.88631439208984	0.00010000000000000003
122	1.0228782892227173	80.37654113769531	97.10354614257812	0.00010000000000000003
123	1.021093487739563	81.67993927001953	97.24836730957031	0.00010000000000000003
124	1.0005710124969482	83.27298736572266	97.46560668945312	0.00010000000000000003
125	1.0321388244628906	80.5937728881836	97.24836730957031	0.00010000000000000003
126	1.0289227962493896	80.4489517211914	96.81390380859375	0.00010000000000000003
127	1.030012845993042	80.5937728881836	96.81390380859375	0.00010000000000000003
128	1.0215933322906494	80.4489517211914	97.6828384399414	0.00010000000000000003
129	1.0385973453521729	79.86965942382812	97.24836730957031	0.00010000000000000003
130	1.023969054222107	80.88341522216797	97.32078552246094	0.00010000000000000003
131	1.0305378437042236	80.95582580566406	97.24836730957031	0.00010000000000000003
132	1.0242998600006104	80.5937728881836	97.32078552246094	0.00010000000000000003
133	1.0164995193481445	80.66618347167969	97.17595672607422	0.00010000000000000003
134	1.019839882850647	80.73859405517578	97.39319610595703	0.00010000000000000003
135	1.044374704360962	80.5213623046875	96.52426147460938	0.00010000000000000003
136	1.0413734912872314	79.36277770996094	97.17595672607422	0.00010000000000000003
137	1.0358617305755615	81.10065460205078	97.32078552246094	0.00010000000000000003
138	1.0157275199890137	80.37654113769531	96.95872497558594	0.00010000000000000003
139	1.032312035560608	79.72483825683594	96.66908264160156	0.00010000000000000003
140	1.0118002891540527	80.5213623046875	97.53801727294922	0.00010000000000000003
141	1.0165959596633911	80.95582580566406	97.03113555908203	0.00010000000000000003
142	1.0109881162643433	80.01448059082031	97.61042785644531	0.00010000000000000003
143	1.0243521928787231	80.66618347167969	97.03113555908203	0.00010000000000000003
144	1.0189999341964722	81.17306518554688	96.66908264160156	0.00010000000000000003
145	1.009887933731079	80.88341522216797	97.32078552246094	0.00010000000000000003
146	1.0213757753372192	80.30413055419922	97.46560668945312	0.00010000000000000003
147	1.027021884918213	80.0868911743164	97.17595672607422	0.00010000000000000003
148	1.032517910003662	79.94207000732422	97.17595672607422	0.00010000000000000003
149	1.0209770202636719	79.65242767333984	97.32078552246094	0.00010000000000000003
150	1.0365170240402222	80.95582580566406	97.03113555908203	0.00010000000000000003
151	1.0441534519195557	80.66618347167969	96.88631439208984	0.00010000000000000003
152	1.025913953781128	81.31788635253906	97.17595672607422	1.0000000000000004e-05
153	1.0299303531646729	81.96958923339844	96.88631439208984	1.0000000000000004e-05
154	0.9932847023010254	81.75234985351562	97.17595672607422	1.0000000000000004e-05
155	1.0318366289138794	79.65242767333984	97.32078552246094	1.0000000000000004e-05
156	1.0442967414855957	80.23171997070312	96.95872497558594	1.0000000000000004e-05
157	1.0385690927505493	80.0868911743164	96.81390380859375	1.0000000000000004e-05
158	1.0339112281799316	80.30413055419922	97.17595672607422	1.0000000000000004e-05
159	1.053143858909607	79.50760650634766	96.88631439208984	1.0000000000000004e-05
160	1.0041440725326538	81.10065460205078	97.90007019042969	1.0000000000000004e-05
161	1.0296919345855713	79.79724884033203	96.66908264160156	1.0000000000000004e-05
162	1.0145360231399536	80.95582580566406	97.6828384399414	1.0000000000000004e-05
163	1.0144068002700806	81.75234985351562	97.46560668945312	1.0000000000000004e-05
164	1.0574088096618652	77.98696899414062	96.59667205810547	1.0000000000000004e-05
165	1.016676664352417	80.37654113769531	97.17595672607422	1.0000000000000004e-05
166	1.0074636936187744	81.75234985351562	97.24836730957031	1.0000000000000004e-05
167	1.0016311407089233	80.66618347167969	97.39319610595703	1.0000000000000004e-05
168	1.016261339187622	79.29036712646484	97.6828384399414	1.0000000000000004e-05
169	1.0090430974960327	80.30413055419922	97.53801727294922	1.0000000000000004e-05
170	1.0265510082244873	80.66618347167969	96.88631439208984	1.0000000000000004e-05
171	1.019154667854309	81.46270751953125	97.7552490234375	1.0000000000000004e-05
172	1.0297056436538696	79.00072479248047	97.6828384399414	1.0000000000000004e-05
173	1.0332775115966797	80.73859405517578	96.81390380859375	1.0000000000000004e-05
174	1.02189040184021	80.5937728881836	97.03113555908203	1.0000000000000004e-05
175	1.0280368328094482	80.1593017578125	96.81390380859375	1.0000000000000004e-05
176	0.9985415935516357	81.96958923339844	97.24836730957031	1.0000000000000004e-05
177	1.0181480646133423	80.95582580566406	97.6828384399414	1.0000000000000004e-05
178	1.0160077810287476	82.3316421508789	96.81390380859375	1.0000000000000004e-05
179	1.026607871055603	81.96958923339844	97.39319610595703	1.0000000000000004e-05
180	1.0221832990646362	81.31788635253906	96.45184326171875	1.0000000000000004e-05
181	1.0249345302581787	79.43519592285156	97.7552490234375	1.0000000000000004e-05
182	1.011936902999878	80.4489517211914	97.46560668945312	1.0000000000000004e-05
183	1.022765040397644	82.04199981689453	97.17595672607422	1.0000000000000004e-05
184	1.0129934549331665	81.89717864990234	97.24836730957031	1.0000000000000004e-05
185	1.0146210193634033	80.23171997070312	97.17595672607422	1.0000000000000004e-05
186	1.0098096132278442	80.0868911743164	97.53801727294922	1.0000000000000004e-05
187	1.0130280256271362	81.10065460205078	97.7552490234375	1.0000000000000004e-05
188	1.0251758098602295	80.01448059082031	97.10354614257812	1.0000000000000004e-05
189	1.0080124139785767	81.17306518554688	97.39319610595703	1.0000000000000004e-05
190	1.0212262868881226	81.39029693603516	96.88631439208984	1.0000000000000004e-06
